<?xml version="1.0" encoding="UTF-8"?>
<!-- Generated by org.testng.reporters.JUnitReportReporter -->
<testsuite skipped="0" hostname="DESKTOP-I1F7EP6" name="mavenFirstProject.Dashbord" tests="1" failures="0" timestamp="25 Mar 2022 03:29:19 GMT" time="9.005" errors="0">
  <testcase name="verify_loginPageCorrect" time="9.005" classname="mavenFirstProject.Dashbord"/>
</testsuite> <!-- mavenFirstProject.Dashbord -->
