<?xml version="1.0" encoding="UTF-8"?>
<!-- Generated by org.testng.reporters.JUnitReportReporter -->
<testsuite skipped="0" hostname="DESKTOP-I1F7EP6" name="mavenFirstProject.Login_PageTestCase" tests="2" failures="0" timestamp="25 Mar 2022 03:29:56 GMT" time="11.967" errors="0">
  <testcase name="checklogicPageHeading" time="7.270" classname="mavenFirstProject.Login_PageTestCase"/>
  <testcase name="checkSubHeading" time="4.697" classname="mavenFirstProject.Login_PageTestCase"/>
</testsuite> <!-- mavenFirstProject.Login_PageTestCase -->
